# JRE version: Java(TM) SE Runtime Environment (8.0_51-b16) (build 1.8.0_51-b16)
# Java VM: Java HotSpot(TM) 64-Bit Server VM (25.51-b03 mixed mode windows-amd64 compressed oops)
Heap:
 PSYoungGen      total 177664K, used 84914K [0x0000000796300000, 0x00000007a5900000, 0x00000007c0000000)
  eden space 162304K, 42% used [0x0000000796300000,0x000000079a6f0880,0x00000007a0180000)
  from space 15360K, 99% used [0x00000007a0180000,0x00000007a107c180,0x00000007a1080000)
  to   space 17408K, 0% used [0x00000007a4800000,0x00000007a4800000,0x00000007a5900000)
 ParOldGen       total 92672K, used 23722K [0x0000000742800000, 0x0000000748280000, 0x0000000796300000)
  object space 92672K, 25% used [0x0000000742800000,0x0000000743f2ab98,0x0000000748280000)
 Metaspace       used 49289K, capacity 51616K, committed 51712K, reserved 1093632K
  class space    used 6694K, capacity 7107K, committed 7168K, reserved 1048576K
GC Heap History (10 events):
Event: 3.431 GC heap before
{Heap before GC invocations=7 (full 1):
 PSYoungGen      total 70656K, used 70428K [0x0000000796300000, 0x000000079dc80000, 0x00000007c0000000)
  eden space 65536K, 100% used [0x0000000796300000,0x000000079a300000,0x000000079a300000)
  from space 5120K, 95% used [0x000000079a300000,0x000000079a7c7398,0x000000079a800000)
  to   space 9216K, 0% used [0x000000079d380000,0x000000079d380000,0x000000079dc80000)
 ParOldGen       total 54272K, used 5868K [0x0000000742800000, 0x0000000745d00000, 0x0000000796300000)
  object space 54272K, 10% used [0x0000000742800000,0x0000000742dbb2b8,0x0000000745d00000)
 Metaspace       used 25974K, capacity 27306K, committed 27520K, reserved 1073152K
  class space    used 3586K, capacity 3882K, committed 3968K, reserved 1048576K
Event: 3.449 GC heap after
Heap after GC invocations=7 (full 1):
 PSYoungGen      total 112128K, used 7705K [0x0000000796300000, 0x000000079db80000, 0x00000007c0000000)
  eden space 103936K, 0% used [0x0000000796300000,0x0000000796300000,0x000000079c880000)
  from space 8192K, 94% used [0x000000079d380000,0x000000079db06698,0x000000079db80000)
  to   space 9728K, 0% used [0x000000079c880000,0x000000079c880000,0x000000079d200000)
 ParOldGen       total 54272K, used 5876K [0x0000000742800000, 0x0000000745d00000, 0x0000000796300000)
  object space 54272K, 10% used [0x0000000742800000,0x0000000742dbd2b8,0x0000000745d00000)
 Metaspace       used 25974K, capacity 27306K, committed 27520K, reserved 1073152K
  class space    used 3586K, capacity 3882K, committed 3968K, reserved 1048576K
}
Event: 4.698 GC heap before
{Heap before GC invocations=8 (full 1):
 PSYoungGen      total 112128K, used 111641K [0x0000000796300000, 0x000000079db80000, 0x00000007c0000000)
  eden space 103936K, 100% used [0x0000000796300000,0x000000079c880000,0x000000079c880000)
  from space 8192K, 94% used [0x000000079d380000,0x000000079db06698,0x000000079db80000)
  to   space 9728K, 0% used [0x000000079c880000,0x000000079c880000,0x000000079d200000)
 ParOldGen       total 54272K, used 5876K [0x0000000742800000, 0x0000000745d00000, 0x0000000796300000)
  object space 54272K, 10% used [0x0000000742800000,0x0000000742dbd2b8,0x0000000745d00000)
 Metaspace       used 33221K, capacity 34708K, committed 35072K, reserved 1079296K
  class space    used 4455K, capacity 4767K, committed 4864K, reserved 1048576K
Event: 4.737 GC heap after
Heap after GC invocations=8 (full 1):
 PSYoungGen      total 113664K, used 9707K [0x0000000796300000, 0x00000007a1f00000, 0x00000007c0000000)
  eden space 103936K, 0% used [0x0000000796300000,0x0000000796300000,0x000000079c880000)
  from space 9728K, 99% used [0x000000079c880000,0x000000079d1fad68,0x000000079d200000)
  to   space 14848K, 0% used [0x00000007a1080000,0x00000007a1080000,0x00000007a1f00000)
 ParOldGen       total 54272K, used 14376K [0x0000000742800000, 0x0000000745d00000, 0x0000000796300000)
  object space 54272K, 26% used [0x0000000742800000,0x000000074360a038,0x0000000745d00000)
 Metaspace       used 33221K, capacity 34708K, committed 35072K, reserved 1079296K
  class space    used 4455K, capacity 4767K, committed 4864K, reserved 1048576K
}
Event: 4.819 GC heap before
{Heap before GC invocations=9 (full 1):
 PSYoungGen      total 113664K, used 17386K [0x0000000796300000, 0x00000007a1f00000, 0x00000007c0000000)
  eden space 103936K, 7% used [0x0000000796300000,0x0000000796a7fda0,0x000000079c880000)
  from space 9728K, 99% used [0x000000079c880000,0x000000079d1fad68,0x000000079d200000)
  to   space 14848K, 0% used [0x00000007a1080000,0x00000007a1080000,0x00000007a1f00000)
 ParOldGen       total 54272K, used 14376K [0x0000000742800000, 0x0000000745d00000, 0x0000000796300000)
  object space 54272K, 26% used [0x0000000742800000,0x000000074360a038,0x0000000745d00000)
 Metaspace       used 33775K, capacity 35302K, committed 35496K, reserved 1079296K
  class space    used 4547K, capacity 4834K, committed 4864K, reserved 1048576K
Event: 4.840 GC heap after
Heap after GC invocations=9 (full 1):
 PSYoungGen      total 177152K, used 10401K [0x0000000796300000, 0x00000007a3180000, 0x00000007c0000000)
  eden space 162304K, 0% used [0x0000000796300000,0x0000000796300000,0x00000007a0180000)
  from space 14848K, 70% used [0x00000007a1080000,0x00000007a1aa84e0,0x00000007a1f00000)
  to   space 15360K, 0% used [0x00000007a0180000,0x00000007a0180000,0x00000007a1080000)
 ParOldGen       total 54272K, used 14376K [0x0000000742800000, 0x0000000745d00000, 0x0000000796300000)
  object space 54272K, 26% used [0x0000000742800000,0x000000074360a038,0x0000000745d00000)
 Metaspace       used 33775K, capacity 35302K, committed 35496K, reserved 1079296K
  class space    used 4547K, capacity 4834K, committed 4864K, reserved 1048576K
}
Event: 4.840 GC heap before
{Heap before GC invocations=10 (full 2):
 PSYoungGen      total 177152K, used 10401K [0x0000000796300000, 0x00000007a3180000, 0x00000007c0000000)
  eden space 162304K, 0% used [0x0000000796300000,0x0000000796300000,0x00000007a0180000)
  from space 14848K, 70% used [0x00000007a1080000,0x00000007a1aa84e0,0x00000007a1f00000)
  to   space 15360K, 0% used [0x00000007a0180000,0x00000007a0180000,0x00000007a1080000)
 ParOldGen       total 54272K, used 14376K [0x0000000742800000, 0x0000000745d00000, 0x0000000796300000)
  object space 54272K, 26% used [0x0000000742800000,0x000000074360a038,0x0000000745d00000)
 Metaspace       used 33775K, capacity 35302K, committed 35496K, reserved 1079296K
  class space    used 4547K, capacity 4834K, committed 4864K, reserved 1048576K
Event: 5.038 GC heap after
Heap after GC invocations=10 (full 2):
 PSYoungGen      total 177152K, used 0K [0x0000000796300000, 0x00000007a3180000, 0x00000007c0000000)
  eden space 162304K, 0% used [0x0000000796300000,0x0000000796300000,0x00000007a0180000)
  from space 14848K, 0% used [0x00000007a1080000,0x00000007a1080000,0x00000007a1f00000)
  to   space 15360K, 0% used [0x00000007a0180000,0x00000007a0180000,0x00000007a1080000)
 ParOldGen       total 92672K, used 23683K [0x0000000742800000, 0x0000000748280000, 0x0000000796300000)
  object space 92672K, 25% used [0x0000000742800000,0x0000000743f20e08,0x0000000748280000)
 Metaspace       used 33775K, capacity 35302K, committed 35496K, reserved 1079296K
  class space    used 4547K, capacity 4834K, committed 4864K, reserved 1048576K
}
Event: 7.030 GC heap before
{Heap before GC invocations=11 (full 2):
 PSYoungGen      total 177152K, used 162304K [0x0000000796300000, 0x00000007a3180000, 0x00000007c0000000)
  eden space 162304K, 100% used [0x0000000796300000,0x00000007a0180000,0x00000007a0180000)
  from space 14848K, 0% used [0x00000007a1080000,0x00000007a1080000,0x00000007a1f00000)
  to   space 15360K, 0% used [0x00000007a0180000,0x00000007a0180000,0x00000007a1080000)
 ParOldGen       total 92672K, used 23683K [0x0000000742800000, 0x0000000748280000, 0x0000000796300000)
  object space 92672K, 25% used [0x0000000742800000,0x0000000743f20e08,0x0000000748280000)
 Metaspace       used 44627K, capacity 46766K, committed 46976K, reserved 1089536K
  class space    used 6100K, capacity 6508K, committed 6528K, reserved 1048576K
Event: 7.060 GC heap after
Heap after GC invocations=11 (full 2):
 PSYoungGen      total 177664K, used 15344K [0x0000000796300000, 0x00000007a5900000, 0x00000007c0000000)
  eden space 162304K, 0% used [0x0000000796300000,0x0000000796300000,0x00000007a0180000)
  from space 15360K, 99% used [0x00000007a0180000,0x00000007a107c180,0x00000007a1080000)
  to   space 17408K, 0% used [0x00000007a4800000,0x00000007a4800000,0x00000007a5900000)
 ParOldGen       total 92672K, used 23722K [0x0000000742800000, 0x0000000748280000, 0x0000000796300000)
  object space 92672K, 25% used [0x0000000742800000,0x0000000743f2ab98,0x0000000748280000)
 Metaspace       used 44627K, capacity 46766K, committed 46976K, reserved 1089536K
  class space    used 6100K, capacity 6508K, committed 6528K, reserved 1048576K
}

