# JRE version: Java(TM) SE Runtime Environment (8.0_51-b16) (build 1.8.0_51-b16)
# Java VM: Java HotSpot(TM) 64-Bit Server VM (25.51-b03 mixed mode windows-amd64 compressed oops)
Heap:
 PSYoungGen      total 172544K, used 92057K [0x00000000d6300000, 0x00000000e4f80000, 0x0000000100000000)
  eden space 157184K, 49% used [0x00000000d6300000,0x00000000dae4f358,0x00000000dfc80000)
  from space 15360K, 97% used [0x00000000dfc80000,0x00000000e0b17170,0x00000000e0b80000)
  to   space 16896K, 0% used [0x00000000e3f00000,0x00000000e3f00000,0x00000000e4f80000)
 ParOldGen       total 94720K, used 23715K [0x0000000082800000, 0x0000000088480000, 0x00000000d6300000)
  object space 94720K, 25% used [0x0000000082800000,0x0000000083f28f40,0x0000000088480000)
 Metaspace       used 49461K, capacity 51782K, committed 51968K, reserved 1093632K
  class space    used 6727K, capacity 7140K, committed 7168K, reserved 1048576K
GC Heap History (10 events):
Event: 3.274 GC heap before
{Heap before GC invocations=7 (full 1):
 PSYoungGen      total 70656K, used 70410K [0x00000000d6300000, 0x00000000ddb80000, 0x0000000100000000)
  eden space 65536K, 100% used [0x00000000d6300000,0x00000000da300000,0x00000000da300000)
  from space 5120K, 95% used [0x00000000da300000,0x00000000da7c2b90,0x00000000da800000)
  to   space 9216K, 0% used [0x00000000dd280000,0x00000000dd280000,0x00000000ddb80000)
 ParOldGen       total 55296K, used 5984K [0x0000000082800000, 0x0000000085e00000, 0x00000000d6300000)
  object space 55296K, 10% used [0x0000000082800000,0x0000000082dd81d0,0x0000000085e00000)
 Metaspace       used 25933K, capacity 27310K, committed 27520K, reserved 1073152K
  class space    used 3592K, capacity 3882K, committed 3968K, reserved 1048576K
Event: 3.291 GC heap after
Heap after GC invocations=7 (full 1):
 PSYoungGen      total 110080K, used 7653K [0x00000000d6300000, 0x00000000dda00000, 0x0000000100000000)
  eden space 102400K, 0% used [0x00000000d6300000,0x00000000d6300000,0x00000000dc700000)
  from space 7680K, 99% used [0x00000000dd280000,0x00000000dd9f94d0,0x00000000dda00000)
  to   space 9728K, 0% used [0x00000000dc700000,0x00000000dc700000,0x00000000dd080000)
 ParOldGen       total 55296K, used 5992K [0x0000000082800000, 0x0000000085e00000, 0x00000000d6300000)
  object space 55296K, 10% used [0x0000000082800000,0x0000000082dda1d0,0x0000000085e00000)
 Metaspace       used 25933K, capacity 27310K, committed 27520K, reserved 1073152K
  class space    used 3592K, capacity 3882K, committed 3968K, reserved 1048576K
}
Event: 4.503 GC heap before
{Heap before GC invocations=8 (full 1):
 PSYoungGen      total 110080K, used 110053K [0x00000000d6300000, 0x00000000dda00000, 0x0000000100000000)
  eden space 102400K, 100% used [0x00000000d6300000,0x00000000dc700000,0x00000000dc700000)
  from space 7680K, 99% used [0x00000000dd280000,0x00000000dd9f94d0,0x00000000dda00000)
  to   space 9728K, 0% used [0x00000000dc700000,0x00000000dc700000,0x00000000dd080000)
 ParOldGen       total 55296K, used 5992K [0x0000000082800000, 0x0000000085e00000, 0x00000000d6300000)
  object space 55296K, 10% used [0x0000000082800000,0x0000000082dda1d0,0x0000000085e00000)
 Metaspace       used 33127K, capacity 34648K, committed 35072K, reserved 1079296K
  class space    used 4447K, capacity 4767K, committed 4864K, reserved 1048576K
Event: 4.531 GC heap after
Heap after GC invocations=8 (full 1):
 PSYoungGen      total 112128K, used 9723K [0x00000000d6300000, 0x00000000e1a00000, 0x0000000100000000)
  eden space 102400K, 0% used [0x00000000d6300000,0x00000000d6300000,0x00000000dc700000)
  from space 9728K, 99% used [0x00000000dc700000,0x00000000dd07ed58,0x00000000dd080000)
  to   space 14848K, 0% used [0x00000000e0b80000,0x00000000e0b80000,0x00000000e1a00000)
 ParOldGen       total 55296K, used 14326K [0x0000000082800000, 0x0000000085e00000, 0x00000000d6300000)
  object space 55296K, 25% used [0x0000000082800000,0x00000000835fd8c8,0x0000000085e00000)
 Metaspace       used 33127K, capacity 34648K, committed 35072K, reserved 1079296K
  class space    used 4447K, capacity 4767K, committed 4864K, reserved 1048576K
}
Event: 4.621 GC heap before
{Heap before GC invocations=9 (full 1):
 PSYoungGen      total 112128K, used 18672K [0x00000000d6300000, 0x00000000e1a00000, 0x0000000100000000)
  eden space 102400K, 8% used [0x00000000d6300000,0x00000000d6bbd338,0x00000000dc700000)
  from space 9728K, 99% used [0x00000000dc700000,0x00000000dd07ed58,0x00000000dd080000)
  to   space 14848K, 0% used [0x00000000e0b80000,0x00000000e0b80000,0x00000000e1a00000)
 ParOldGen       total 55296K, used 14326K [0x0000000082800000, 0x0000000085e00000, 0x00000000d6300000)
  object space 55296K, 25% used [0x0000000082800000,0x00000000835fd8c8,0x0000000085e00000)
 Metaspace       used 33743K, capacity 35210K, committed 35456K, reserved 1079296K
  class space    used 4548K, capacity 4866K, committed 4992K, reserved 1048576K
Event: 4.642 GC heap after
Heap after GC invocations=9 (full 1):
 PSYoungGen      total 172032K, used 10543K [0x00000000d6300000, 0x00000000e2c00000, 0x0000000100000000)
  eden space 157184K, 0% used [0x00000000d6300000,0x00000000d6300000,0x00000000dfc80000)
  from space 14848K, 71% used [0x00000000e0b80000,0x00000000e15cbf30,0x00000000e1a00000)
  to   space 15360K, 0% used [0x00000000dfc80000,0x00000000dfc80000,0x00000000e0b80000)
 ParOldGen       total 55296K, used 14326K [0x0000000082800000, 0x0000000085e00000, 0x00000000d6300000)
  object space 55296K, 25% used [0x0000000082800000,0x00000000835fd8c8,0x0000000085e00000)
 Metaspace       used 33743K, capacity 35210K, committed 35456K, reserved 1079296K
  class space    used 4548K, capacity 4866K, committed 4992K, reserved 1048576K
}
Event: 4.642 GC heap before
{Heap before GC invocations=10 (full 2):
 PSYoungGen      total 172032K, used 10543K [0x00000000d6300000, 0x00000000e2c00000, 0x0000000100000000)
  eden space 157184K, 0% used [0x00000000d6300000,0x00000000d6300000,0x00000000dfc80000)
  from space 14848K, 71% used [0x00000000e0b80000,0x00000000e15cbf30,0x00000000e1a00000)
  to   space 15360K, 0% used [0x00000000dfc80000,0x00000000dfc80000,0x00000000e0b80000)
 ParOldGen       total 55296K, used 14326K [0x0000000082800000, 0x0000000085e00000, 0x00000000d6300000)
  object space 55296K, 25% used [0x0000000082800000,0x00000000835fd8c8,0x0000000085e00000)
 Metaspace       used 33743K, capacity 35210K, committed 35456K, reserved 1079296K
  class space    used 4548K, capacity 4866K, committed 4992K, reserved 1048576K
Event: 4.836 GC heap after
Heap after GC invocations=10 (full 2):
 PSYoungGen      total 172032K, used 0K [0x00000000d6300000, 0x00000000e2c00000, 0x0000000100000000)
  eden space 157184K, 0% used [0x00000000d6300000,0x00000000d6300000,0x00000000dfc80000)
  from space 14848K, 0% used [0x00000000e0b80000,0x00000000e0b80000,0x00000000e1a00000)
  to   space 15360K, 0% used [0x00000000dfc80000,0x00000000dfc80000,0x00000000e0b80000)
 ParOldGen       total 94720K, used 23707K [0x0000000082800000, 0x0000000088480000, 0x00000000d6300000)
  object space 94720K, 25% used [0x0000000082800000,0x0000000083f26f40,0x0000000088480000)
 Metaspace       used 33743K, capacity 35210K, committed 35456K, reserved 1079296K
  class space    used 4548K, capacity 4866K, committed 4992K, reserved 1048576K
}
Event: 6.820 GC heap before
{Heap before GC invocations=11 (full 2):
 PSYoungGen      total 172032K, used 157184K [0x00000000d6300000, 0x00000000e2c00000, 0x0000000100000000)
  eden space 157184K, 100% used [0x00000000d6300000,0x00000000dfc80000,0x00000000dfc80000)
  from space 14848K, 0% used [0x00000000e0b80000,0x00000000e0b80000,0x00000000e1a00000)
  to   space 15360K, 0% used [0x00000000dfc80000,0x00000000dfc80000,0x00000000e0b80000)
 ParOldGen       total 94720K, used 23707K [0x0000000082800000, 0x0000000088480000, 0x00000000d6300000)
  object space 94720K, 25% used [0x0000000082800000,0x0000000083f26f40,0x0000000088480000)
 Metaspace       used 44444K, capacity 46604K, committed 46720K, reserved 1089536K
  class space    used 6079K, capacity 6475K, committed 6528K, reserved 1048576K
Event: 6.863 GC heap after
Heap after GC invocations=11 (full 2):
 PSYoungGen      total 172544K, used 14940K [0x00000000d6300000, 0x00000000e4f80000, 0x0000000100000000)
  eden space 157184K, 0% used [0x00000000d6300000,0x00000000d6300000,0x00000000dfc80000)
  from space 15360K, 97% used [0x00000000dfc80000,0x00000000e0b17170,0x00000000e0b80000)
  to   space 16896K, 0% used [0x00000000e3f00000,0x00000000e3f00000,0x00000000e4f80000)
 ParOldGen       total 94720K, used 23715K [0x0000000082800000, 0x0000000088480000, 0x00000000d6300000)
  object space 94720K, 25% used [0x0000000082800000,0x0000000083f28f40,0x0000000088480000)
 Metaspace       used 44444K, capacity 46604K, committed 46720K, reserved 1089536K
  class space    used 6079K, capacity 6475K, committed 6528K, reserved 1048576K
}

